2018-09-30 14:06:59 [192.168.1.100][-][-][error][application] 开始日志异步消息1538287619
    in /Users/apple/Desktop/tem/test/apps/api/controllers/RestController.php:56
2018-09-30 14:06:59 [192.168.1.100][-][-][warning][yii\debug\Module::checkAccess] Access to debugger is denied due to IP address restriction. The requesting IP address is 192.168.1.100
2018-09-30 14:06:59 [192.168.1.100][-][-][info][application] $_GET = []

$_POST = [
    '{\"extras\":{},\"requests\":' => [
        '{\"params\":{\"id\":\"6\",\"token\":\"rZQSygT142pmXodW2aFDUl2-q0Zf09QH\"},\"version\":\"froned\",\"dispatch\":\"teacher_getmessage.dispatch\"}' => ''
    ]
]

$_FILES = []

$_COOKIE = []

$_SERVER = [
    'DOCUMENT_ROOT' => '/Users/apple/Desktop/tem/test/apps/api/web'
    'REMOTE_ADDR' => '192.168.1.100'
    'REMOTE_PORT' => '62509'
    'SERVER_SOFTWARE' => 'PHP 7.1.14 Development Server'
    'SERVER_PROTOCOL' => 'HTTP/1.1'
    'SERVER_NAME' => '192.168.1.102'
    'SERVER_PORT' => '8081'
    'REQUEST_URI' => '/'
    'REQUEST_METHOD' => 'POST'
    'SCRIPT_NAME' => '/index.php'
    'SCRIPT_FILENAME' => '/Users/apple/Desktop/tem/test/apps/api/web/index.php'
    'PHP_SELF' => '/index.php'
    'HTTP_HOST' => '192.168.1.102:8081'
    'HTTP_CONNECTION' => 'keep-alive'
    'CONTENT_LENGTH' => '224'
    'HTTP_CONTENT_LENGTH' => '224'
    'HTTP_PRAGMA' => 'no-cache'
    'HTTP_CACHE_CONTROL' => 'no-cache'
    'HTTP_ORIGIN' => 'http://127.0.0.1:61240'
    'HTTP_USER_AGENT' => 'Mozilla/5.0 (iPhone; CPU iPhone OS 9_1 like Mac OS X) AppleWebKit/601.1.46 (KHTML, like Gecko) Version/9.0 Mobile/13B143 Safari/601.1 wechatdevtools/1.02.1809260 MicroMessenger/6.5.7 Language/zh_CN webview/ token/66b546c5d1ed9b8d5ec3d50b4e73045c'
    'CONTENT_TYPE' => 'application/x-www-form-urlencoded'
    'HTTP_CONTENT_TYPE' => 'application/x-www-form-urlencoded'
    'HTTP_ACCEPT' => '*/*'
    'HTTP_REFERER' => 'https://servicewechat.com/wxdc26e3b90724281d/devtools/page-frame.html'
    'HTTP_ACCEPT_ENCODING' => 'gzip, deflate'
    'REQUEST_TIME_FLOAT' => 1538287619.39
    'REQUEST_TIME' => 1538287619
    'argv' => []
    'argc' => 0
]
2018-09-30 14:07:14 [192.168.1.100][-][-][error][application] 开始日志异步消息1538287634
    in /Users/apple/Desktop/tem/test/apps/api/controllers/RestController.php:56
2018-09-30 14:07:14 [192.168.1.100][-][-][warning][yii\debug\Module::checkAccess] Access to debugger is denied due to IP address restriction. The requesting IP address is 192.168.1.100
2018-09-30 14:07:14 [192.168.1.100][-][-][info][application] $_GET = []

$_POST = [
    '{\"extras\":{},\"requests\":' => [
        '{\"params\":{\"id\":\"6\",\"token\":\"rZQSygT142pmXodW2aFDUl2-q0Zf09QH\"},\"version\":\"froned\",\"dispatch\":\"teacher_getmessage.dispatch\"}' => ''
    ]
]

$_FILES = []

$_COOKIE = []

$_SERVER = [
    'DOCUMENT_ROOT' => '/Users/apple/Desktop/tem/test/apps/api/web'
    'REMOTE_ADDR' => '192.168.1.100'
    'REMOTE_PORT' => '62554'
    'SERVER_SOFTWARE' => 'PHP 7.1.14 Development Server'
    'SERVER_PROTOCOL' => 'HTTP/1.1'
    'SERVER_NAME' => '192.168.1.102'
    'SERVER_PORT' => '8081'
    'REQUEST_URI' => '/'
    'REQUEST_METHOD' => 'POST'
    'SCRIPT_NAME' => '/index.php'
    'SCRIPT_FILENAME' => '/Users/apple/Desktop/tem/test/apps/api/web/index.php'
    'PHP_SELF' => '/index.php'
    'HTTP_HOST' => '192.168.1.102:8081'
    'HTTP_CONNECTION' => 'keep-alive'
    'CONTENT_LENGTH' => '224'
    'HTTP_CONTENT_LENGTH' => '224'
    'HTTP_PRAGMA' => 'no-cache'
    'HTTP_CACHE_CONTROL' => 'no-cache'
    'HTTP_ORIGIN' => 'http://127.0.0.1:61240'
    'HTTP_USER_AGENT' => 'Mozilla/5.0 (iPhone; CPU iPhone OS 9_1 like Mac OS X) AppleWebKit/601.1.46 (KHTML, like Gecko) Version/9.0 Mobile/13B143 Safari/601.1 wechatdevtools/1.02.1809260 MicroMessenger/6.5.7 Language/zh_CN webview/ token/66b546c5d1ed9b8d5ec3d50b4e73045c'
    'CONTENT_TYPE' => 'application/x-www-form-urlencoded'
    'HTTP_CONTENT_TYPE' => 'application/x-www-form-urlencoded'
    'HTTP_ACCEPT' => '*/*'
    'HTTP_REFERER' => 'https://servicewechat.com/wxdc26e3b90724281d/devtools/page-frame.html'
    'HTTP_ACCEPT_ENCODING' => 'gzip, deflate'
    'REQUEST_TIME_FLOAT' => 1538287634.239
    'REQUEST_TIME' => 1538287634
    'argv' => []
    'argc' => 0
]
2018-09-30 14:07:31 [192.168.1.100][-][-][error][application] 开始日志异步消息1538287651
    in /Users/apple/Desktop/tem/test/apps/api/controllers/RestController.php:56
2018-09-30 14:07:31 [192.168.1.100][-][-][warning][yii\debug\Module::checkAccess] Access to debugger is denied due to IP address restriction. The requesting IP address is 192.168.1.100
2018-09-30 14:07:31 [192.168.1.100][-][-][info][application] $_GET = []

$_POST = [
    '{\"extras\":{},\"requests\":' => [
        '{\"params\":{\"id\":\"6\",\"token\":\"rZQSygT142pmXodW2aFDUl2-q0Zf09QH\"},\"version\":\"froned\",\"dispatch\":\"teacher_getmessage.dispatch\"}' => ''
    ]
]

$_FILES = []

$_COOKIE = []

$_SERVER = [
    'DOCUMENT_ROOT' => '/Users/apple/Desktop/tem/test/apps/api/web'
    'REMOTE_ADDR' => '192.168.1.100'
    'REMOTE_PORT' => '62606'
    'SERVER_SOFTWARE' => 'PHP 7.1.14 Development Server'
    'SERVER_PROTOCOL' => 'HTTP/1.1'
    'SERVER_NAME' => '192.168.1.102'
    'SERVER_PORT' => '8081'
    'REQUEST_URI' => '/'
    'REQUEST_METHOD' => 'POST'
    'SCRIPT_NAME' => '/index.php'
    'SCRIPT_FILENAME' => '/Users/apple/Desktop/tem/test/apps/api/web/index.php'
    'PHP_SELF' => '/index.php'
    'HTTP_HOST' => '192.168.1.102:8081'
    'HTTP_CONNECTION' => 'keep-alive'
    'CONTENT_LENGTH' => '224'
    'HTTP_CONTENT_LENGTH' => '224'
    'HTTP_PRAGMA' => 'no-cache'
    'HTTP_CACHE_CONTROL' => 'no-cache'
    'HTTP_ORIGIN' => 'http://127.0.0.1:61240'
    'HTTP_USER_AGENT' => 'Mozilla/5.0 (iPhone; CPU iPhone OS 9_1 like Mac OS X) AppleWebKit/601.1.46 (KHTML, like Gecko) Version/9.0 Mobile/13B143 Safari/601.1 wechatdevtools/1.02.1809260 MicroMessenger/6.5.7 Language/zh_CN webview/ token/66b546c5d1ed9b8d5ec3d50b4e73045c'
    'CONTENT_TYPE' => 'application/x-www-form-urlencoded'
    'HTTP_CONTENT_TYPE' => 'application/x-www-form-urlencoded'
    'HTTP_ACCEPT' => '*/*'
    'HTTP_REFERER' => 'https://servicewechat.com/wxdc26e3b90724281d/devtools/page-frame.html'
    'HTTP_ACCEPT_ENCODING' => 'gzip, deflate'
    'REQUEST_TIME_FLOAT' => 1538287651.4056
    'REQUEST_TIME' => 1538287651
    'argv' => []
    'argc' => 0
]
2018-09-30 14:07:46 [192.168.1.100][-][-][error][application] 开始日志异步消息1538287666
    in /Users/apple/Desktop/tem/test/apps/api/controllers/RestController.php:56
2018-09-30 14:07:46 [192.168.1.100][-][-][warning][yii\debug\Module::checkAccess] Access to debugger is denied due to IP address restriction. The requesting IP address is 192.168.1.100
2018-09-30 14:07:46 [192.168.1.100][-][-][info][application] $_GET = []

$_POST = [
    '{\"extras\":{},\"requests\":' => [
        '{\"params\":{\"id\":\"6\",\"token\":\"rZQSygT142pmXodW2aFDUl2-q0Zf09QH\"},\"version\":\"froned\",\"dispatch\":\"teacher_getmessage.dispatch\"}' => ''
    ]
]

$_FILES = []

$_COOKIE = []

$_SERVER = [
    'DOCUMENT_ROOT' => '/Users/apple/Desktop/tem/test/apps/api/web'
    'REMOTE_ADDR' => '192.168.1.100'
    'REMOTE_PORT' => '62654'
    'SERVER_SOFTWARE' => 'PHP 7.1.14 Development Server'
    'SERVER_PROTOCOL' => 'HTTP/1.1'
    'SERVER_NAME' => '192.168.1.102'
    'SERVER_PORT' => '8081'
    'REQUEST_URI' => '/'
    'REQUEST_METHOD' => 'POST'
    'SCRIPT_NAME' => '/index.php'
    'SCRIPT_FILENAME' => '/Users/apple/Desktop/tem/test/apps/api/web/index.php'
    'PHP_SELF' => '/index.php'
    'HTTP_HOST' => '192.168.1.102:8081'
    'HTTP_CONNECTION' => 'keep-alive'
    'CONTENT_LENGTH' => '224'
    'HTTP_CONTENT_LENGTH' => '224'
    'HTTP_PRAGMA' => 'no-cache'
    'HTTP_CACHE_CONTROL' => 'no-cache'
    'HTTP_ORIGIN' => 'http://127.0.0.1:61240'
    'HTTP_USER_AGENT' => 'Mozilla/5.0 (iPhone; CPU iPhone OS 9_1 like Mac OS X) AppleWebKit/601.1.46 (KHTML, like Gecko) Version/9.0 Mobile/13B143 Safari/601.1 wechatdevtools/1.02.1809260 MicroMessenger/6.5.7 Language/zh_CN webview/ token/66b546c5d1ed9b8d5ec3d50b4e73045c'
    'CONTENT_TYPE' => 'application/x-www-form-urlencoded'
    'HTTP_CONTENT_TYPE' => 'application/x-www-form-urlencoded'
    'HTTP_ACCEPT' => '*/*'
    'HTTP_REFERER' => 'https://servicewechat.com/wxdc26e3b90724281d/devtools/page-frame.html'
    'HTTP_ACCEPT_ENCODING' => 'gzip, deflate'
    'REQUEST_TIME_FLOAT' => 1538287666.9249
    'REQUEST_TIME' => 1538287666
    'argv' => []
    'argc' => 0
]
2018-09-30 14:08:07 [192.168.1.100][-][-][error][application] 开始日志异步消息1538287687
    in /Users/apple/Desktop/tem/test/apps/api/controllers/RestController.php:56
2018-09-30 14:08:07 [192.168.1.100][-][-][warning][yii\debug\Module::checkAccess] Access to debugger is denied due to IP address restriction. The requesting IP address is 192.168.1.100
2018-09-30 14:08:07 [192.168.1.100][-][-][info][application] $_GET = []

$_POST = [
    '{\"extras\":{},\"requests\":' => [
        '{\"params\":{\"id\":\"6\",\"token\":\"rZQSygT142pmXodW2aFDUl2-q0Zf09QH\"},\"version\":\"froned\",\"dispatch\":\"teacher_getmessage.dispatch\"}' => ''
    ]
]

$_FILES = []

$_COOKIE = []

$_SERVER = [
    'DOCUMENT_ROOT' => '/Users/apple/Desktop/tem/test/apps/api/web'
    'REMOTE_ADDR' => '192.168.1.100'
    'REMOTE_PORT' => '62717'
    'SERVER_SOFTWARE' => 'PHP 7.1.14 Development Server'
    'SERVER_PROTOCOL' => 'HTTP/1.1'
    'SERVER_NAME' => '192.168.1.102'
    'SERVER_PORT' => '8081'
    'REQUEST_URI' => '/'
    'REQUEST_METHOD' => 'POST'
    'SCRIPT_NAME' => '/index.php'
    'SCRIPT_FILENAME' => '/Users/apple/Desktop/tem/test/apps/api/web/index.php'
    'PHP_SELF' => '/index.php'
    'HTTP_HOST' => '192.168.1.102:8081'
    'HTTP_CONNECTION' => 'keep-alive'
    'CONTENT_LENGTH' => '224'
    'HTTP_CONTENT_LENGTH' => '224'
    'HTTP_PRAGMA' => 'no-cache'
    'HTTP_CACHE_CONTROL' => 'no-cache'
    'HTTP_ORIGIN' => 'http://127.0.0.1:61240'
    'HTTP_USER_AGENT' => 'Mozilla/5.0 (iPhone; CPU iPhone OS 9_1 like Mac OS X) AppleWebKit/601.1.46 (KHTML, like Gecko) Version/9.0 Mobile/13B143 Safari/601.1 wechatdevtools/1.02.1809260 MicroMessenger/6.5.7 Language/zh_CN webview/ token/66b546c5d1ed9b8d5ec3d50b4e73045c'
    'CONTENT_TYPE' => 'application/x-www-form-urlencoded'
    'HTTP_CONTENT_TYPE' => 'application/x-www-form-urlencoded'
    'HTTP_ACCEPT' => '*/*'
    'HTTP_REFERER' => 'https://servicewechat.com/wxdc26e3b90724281d/devtools/page-frame.html'
    'HTTP_ACCEPT_ENCODING' => 'gzip, deflate'
    'REQUEST_TIME_FLOAT' => 1538287687.3835
    'REQUEST_TIME' => 1538287687
    'argv' => []
    'argc' => 0
]
2018-09-30 14:08:39 [192.168.1.100][-][-][error][application] 开始日志异步消息1538287719
    in /Users/apple/Desktop/tem/test/apps/api/controllers/RestController.php:56
2018-09-30 14:08:39 [192.168.1.100][-][-][warning][yii\debug\Module::checkAccess] Access to debugger is denied due to IP address restriction. The requesting IP address is 192.168.1.100
2018-09-30 14:08:39 [192.168.1.100][-][-][info][application] $_GET = []

$_POST = [
    '{\"extras\":{},\"requests\":' => [
        '{\"params\":{\"id\":\"5\",\"token\":\"rZQSygT142pmXodW2aFDUl2-q0Zf09QH\"},\"version\":\"froned\",\"dispatch\":\"product_getlistfrof.dispatch\"}' => ''
    ]
]

$_FILES = []

$_COOKIE = []

$_SERVER = [
    'DOCUMENT_ROOT' => '/Users/apple/Desktop/tem/test/apps/api/web'
    'REMOTE_ADDR' => '192.168.1.100'
    'REMOTE_PORT' => '62822'
    'SERVER_SOFTWARE' => 'PHP 7.1.14 Development Server'
    'SERVER_PROTOCOL' => 'HTTP/1.1'
    'SERVER_NAME' => '192.168.1.102'
    'SERVER_PORT' => '8081'
    'REQUEST_URI' => '/'
    'REQUEST_METHOD' => 'POST'
    'SCRIPT_NAME' => '/index.php'
    'SCRIPT_FILENAME' => '/Users/apple/Desktop/tem/test/apps/api/web/index.php'
    'PHP_SELF' => '/index.php'
    'HTTP_HOST' => '192.168.1.102:8081'
    'HTTP_CONNECTION' => 'keep-alive'
    'CONTENT_LENGTH' => '225'
    'HTTP_CONTENT_LENGTH' => '225'
    'HTTP_PRAGMA' => 'no-cache'
    'HTTP_CACHE_CONTROL' => 'no-cache'
    'HTTP_ORIGIN' => 'http://127.0.0.1:61240'
    'HTTP_USER_AGENT' => 'Mozilla/5.0 (iPhone; CPU iPhone OS 9_1 like Mac OS X) AppleWebKit/601.1.46 (KHTML, like Gecko) Version/9.0 Mobile/13B143 Safari/601.1 wechatdevtools/1.02.1809260 MicroMessenger/6.5.7 Language/zh_CN webview/ token/66b546c5d1ed9b8d5ec3d50b4e73045c'
    'CONTENT_TYPE' => 'application/x-www-form-urlencoded'
    'HTTP_CONTENT_TYPE' => 'application/x-www-form-urlencoded'
    'HTTP_ACCEPT' => '*/*'
    'HTTP_REFERER' => 'https://servicewechat.com/wxdc26e3b90724281d/devtools/page-frame.html'
    'HTTP_ACCEPT_ENCODING' => 'gzip, deflate'
    'REQUEST_TIME_FLOAT' => 1538287719.8209
    'REQUEST_TIME' => 1538287719
    'argv' => []
    'argc' => 0
]
2018-09-30 14:09:03 [192.168.1.100][-][-][error][application] 开始日志异步消息1538287743
    in /Users/apple/Desktop/tem/test/apps/api/controllers/RestController.php:56
2018-09-30 14:09:03 [192.168.1.100][-][-][warning][yii\debug\Module::checkAccess] Access to debugger is denied due to IP address restriction. The requesting IP address is 192.168.1.100
2018-09-30 14:09:03 [192.168.1.100][-][-][info][application] $_GET = []

$_POST = [
    '{\"extras\":{},\"requests\":' => [
        '{\"params\":{\"id\":\"6\",\"token\":\"rZQSygT142pmXodW2aFDUl2-q0Zf09QH\"},\"version\":\"froned\",\"dispatch\":\"product_getviewfrof.dispatch\"}' => ''
    ]
]

$_FILES = []

$_COOKIE = []

$_SERVER = [
    'DOCUMENT_ROOT' => '/Users/apple/Desktop/tem/test/apps/api/web'
    'REMOTE_ADDR' => '192.168.1.100'
    'REMOTE_PORT' => '62899'
    'SERVER_SOFTWARE' => 'PHP 7.1.14 Development Server'
    'SERVER_PROTOCOL' => 'HTTP/1.1'
    'SERVER_NAME' => '192.168.1.102'
    'SERVER_PORT' => '8081'
    'REQUEST_URI' => '/'
    'REQUEST_METHOD' => 'POST'
    'SCRIPT_NAME' => '/index.php'
    'SCRIPT_FILENAME' => '/Users/apple/Desktop/tem/test/apps/api/web/index.php'
    'PHP_SELF' => '/index.php'
    'HTTP_HOST' => '192.168.1.102:8081'
    'HTTP_CONNECTION' => 'keep-alive'
    'CONTENT_LENGTH' => '225'
    'HTTP_CONTENT_LENGTH' => '225'
    'HTTP_PRAGMA' => 'no-cache'
    'HTTP_CACHE_CONTROL' => 'no-cache'
    'HTTP_ORIGIN' => 'http://127.0.0.1:61240'
    'HTTP_USER_AGENT' => 'Mozilla/5.0 (iPhone; CPU iPhone OS 9_1 like Mac OS X) AppleWebKit/601.1.46 (KHTML, like Gecko) Version/9.0 Mobile/13B143 Safari/601.1 wechatdevtools/1.02.1809260 MicroMessenger/6.5.7 Language/zh_CN webview/ token/66b546c5d1ed9b8d5ec3d50b4e73045c'
    'CONTENT_TYPE' => 'application/x-www-form-urlencoded'
    'HTTP_CONTENT_TYPE' => 'application/x-www-form-urlencoded'
    'HTTP_ACCEPT' => '*/*'
    'HTTP_REFERER' => 'https://servicewechat.com/wxdc26e3b90724281d/devtools/page-frame.html'
    'HTTP_ACCEPT_ENCODING' => 'gzip, deflate'
    'REQUEST_TIME_FLOAT' => 1538287743.4116
    'REQUEST_TIME' => 1538287743
    'argv' => []
    'argc' => 0
]
